<?xml version="1.0" encoding="UTF-8"?>
<testsuite name="com.training.issuing.domain.MemberTest" tests="5" skipped="0" failures="0" errors="0" timestamp="2026-07-18T06:31:06" hostname="nishimuratoshihironoMacBook-Air.local" time="0.009">
  <properties/>
  <testcase name="会員IDが異なればequalsでfalseになる" classname="com.training.issuing.domain.MemberTest" time="0.005"/>
  <testcase name="会員IDが同じであれば、他の属性が異なっていてもequalsでtrueになる" classname="com.training.issuing.domain.MemberTest" time="0.001"/>
  <testcase name="会員を新規作成すると状態はACTIVEになり、カード発行可能と判定される" classname="com.training.issuing.domain.MemberTest" time="0.0"/>
  <testcase name="退会した会員はカード発行不可と判定される" classname="com.training.issuing.domain.MemberTest" time="0.0"/>
  <testcase name="一時停止した会員はカード発行不可と判定される" classname="com.training.issuing.domain.MemberTest" time="0.0"/>
  <system-out><![CDATA[]]></system-out>
  <system-err><![CDATA[]]></system-err>
</testsuite>
