<?xml version="1.0" encoding="UTF-8"?>
<testsuite name="com.training.issuing.member.MemberControllerTest" tests="3" skipped="0" failures="0" errors="0" timestamp="2026-07-18T06:31:09" hostname="nishimuratoshihironoMacBook-Air.local" time="0.34">
  <properties/>
  <testcase name="存在しないIDで照会すると404が返る" classname="com.training.issuing.member.MemberControllerTest" time="0.304"/>
  <testcase name="氏名が空で登録すると400が返る" classname="com.training.issuing.member.MemberControllerTest" time="0.011"/>
  <testcase name="会員を登録すると201が返り、そのIDで照会すると登録した内容が取得できる" classname="com.training.issuing.member.MemberControllerTest" time="0.025"/>
  <system-out><![CDATA[15:31:06.534 [Test worker] INFO org.springframework.test.context.support.AnnotationConfigContextLoaderUtils -- Could not detect default configuration classes for test class [com.training.issuing.member.MemberControllerTest]: MemberControllerTest does not declare any static, non-private, non-final, nested classes annotated with @Configuration.
15:31:06.579 [Test worker] INFO org.springframework.boot.test.context.SpringBootTestContextBootstrapper -- Found @SpringBootConfiguration com.training.issuing.IssuingApplication for test class com.training.issuing.member.MemberControllerTest
15:31:06.621 [Test worker] INFO org.testcontainers.images.PullPolicy -- Image pull policy will be performed by: DefaultPullPolicy()
15:31:06.622 [Test worker] INFO org.testcontainers.utility.ImageNameSubstitutor -- Image name substitution will be performed by: DefaultImageNameSubstitutor (composite of 'ConfigurationFileImageNameSubstitutor' and 'PrefixingImageNameSubstitutor')
15:31:06.709 [Test worker] INFO org.testcontainers.dockerclient.DockerClientProviderStrategy -- Loaded org.testcontainers.dockerclient.UnixSocketClientProviderStrategy from ~/.testcontainers.properties, will try it first
15:31:06.803 [Test worker] INFO org.testcontainers.dockerclient.DockerClientProviderStrategy -- Found Docker environment with local Unix socket (unix:///var/run/docker.sock)
15:31:06.804 [Test worker] INFO org.testcontainers.DockerClientFactory -- Docker host IP address is localhost
15:31:06.816 [Test worker] INFO org.testcontainers.DockerClientFactory -- Connected to docker: 
  Server Version: 29.6.1
  API Version: 1.55
  Operating System: Docker Desktop
  Total Memory: 7936 MB
15:31:06.858 [Test worker] INFO tc.testcontainers/ryuk:0.7.0 -- Creating container for image: testcontainers/ryuk:0.7.0
15:31:06.908 [Test worker] INFO org.testcontainers.utility.RegistryAuthLocator -- Credential helper/store (docker-credential-desktop) does not have credentials for https://index.docker.io/v1/
15:31:06.959 [Test worker] INFO tc.testcontainers/ryuk:0.7.0 -- Container testcontainers/ryuk:0.7.0 is starting: e7715c3f2d3cfc767fe94d2dbab4a25ee48889d8c968205a715f452d059e446e
15:31:07.072 [Test worker] INFO tc.testcontainers/ryuk:0.7.0 -- Container testcontainers/ryuk:0.7.0 started in PT0.213634S
15:31:07.074 [Test worker] INFO org.testcontainers.utility.RyukResourceReaper -- Ryuk started - will monitor and terminate Testcontainers containers on JVM exit
15:31:07.074 [Test worker] INFO org.testcontainers.DockerClientFactory -- Checking the system...
15:31:07.074 [Test worker] INFO org.testcontainers.DockerClientFactory -- ✔︎ Docker server version should be at least 1.6.0
15:31:07.074 [Test worker] INFO tc.postgres:16 -- Creating container for image: postgres:16
15:31:07.096 [Test worker] INFO tc.postgres:16 -- Container postgres:16 is starting: 91914ff5f60867d57662b380a2a879433c51843dda5a5074dbe0f232b35c6499
15:31:07.717 [Test worker] INFO tc.postgres:16 -- Container postgres:16 started in PT0.642488S
15:31:07.718 [Test worker] INFO tc.postgres:16 -- Container is started (JDBC URL: jdbc:postgresql://localhost:51426/test?loggerLevel=OFF)

  .   ____          _            __ _ _
 /\\ / ___'_ __ _ _(_)_ __  __ _ \ \ \ \
( ( )\___ | '_ | '_| | '_ \/ _` | \ \ \ \
 \\/  ___)| |_)| | | | | || (_| |  ) ) ) )
  '  |____| .__|_| |_|_| |_\__, | / / / /
 =========|_|==============|___/=/_/_/_/

 :: Spring Boot ::                (v3.3.4)

2026-07-18T15:31:07.850+09:00  INFO 13824 --- [card-issuing-training] [    Test worker] c.t.issuing.member.MemberControllerTest  : Starting MemberControllerTest using Java 21.0.5 with PID 13824 (started by toshihiro in /Users/toshihiro/work/java/training)
2026-07-18T15:31:07.851+09:00  INFO 13824 --- [card-issuing-training] [    Test worker] c.t.issuing.member.MemberControllerTest  : No active profile set, falling back to 1 default profile: "default"
2026-07-18T15:31:08.050+09:00  INFO 13824 --- [card-issuing-training] [    Test worker] .s.d.r.c.RepositoryConfigurationDelegate : Bootstrapping Spring Data JPA repositories in DEFAULT mode.
2026-07-18T15:31:08.069+09:00  INFO 13824 --- [card-issuing-training] [    Test worker] .s.d.r.c.RepositoryConfigurationDelegate : Finished Spring Data repository scanning in 16 ms. Found 1 JPA repository interface.
2026-07-18T15:31:08.247+09:00  INFO 13824 --- [card-issuing-training] [    Test worker] com.zaxxer.hikari.HikariDataSource       : HikariPool-1 - Starting...
2026-07-18T15:31:08.318+09:00  INFO 13824 --- [card-issuing-training] [    Test worker] com.zaxxer.hikari.pool.HikariPool        : HikariPool-1 - Added connection org.postgresql.jdbc.PgConnection@733fa95c
2026-07-18T15:31:08.319+09:00  INFO 13824 --- [card-issuing-training] [    Test worker] com.zaxxer.hikari.HikariDataSource       : HikariPool-1 - Start completed.
2026-07-18T15:31:08.331+09:00  INFO 13824 --- [card-issuing-training] [    Test worker] org.flywaydb.core.FlywayExecutor         : Database: jdbc:postgresql://localhost:51426/test (PostgreSQL 16.14)
2026-07-18T15:31:08.347+09:00  INFO 13824 --- [card-issuing-training] [    Test worker] o.f.c.i.s.JdbcTableSchemaHistory         : Schema history table "public"."flyway_schema_history" does not exist yet
2026-07-18T15:31:08.348+09:00  INFO 13824 --- [card-issuing-training] [    Test worker] o.f.core.internal.command.DbValidate     : Successfully validated 1 migration (execution time 00:00.006s)
2026-07-18T15:31:08.359+09:00  INFO 13824 --- [card-issuing-training] [    Test worker] o.f.c.i.s.JdbcTableSchemaHistory         : Creating Schema History table "public"."flyway_schema_history" ...
2026-07-18T15:31:08.385+09:00  INFO 13824 --- [card-issuing-training] [    Test worker] o.f.core.internal.command.DbMigrate      : Current version of schema "public": << Empty Schema >>
2026-07-18T15:31:08.388+09:00  INFO 13824 --- [card-issuing-training] [    Test worker] o.f.core.internal.command.DbMigrate      : Migrating schema "public" to version "1 - create members table"
2026-07-18T15:31:08.400+09:00  INFO 13824 --- [card-issuing-training] [    Test worker] o.f.core.internal.command.DbMigrate      : Successfully applied 1 migration to schema "public", now at version v1 (execution time 00:00.004s)
2026-07-18T15:31:08.429+09:00  INFO 13824 --- [card-issuing-training] [    Test worker] o.hibernate.jpa.internal.util.LogHelper  : HHH000204: Processing PersistenceUnitInfo [name: default]
2026-07-18T15:31:08.447+09:00  INFO 13824 --- [card-issuing-training] [    Test worker] org.hibernate.Version                    : HHH000412: Hibernate ORM core version 6.5.3.Final
2026-07-18T15:31:08.457+09:00  INFO 13824 --- [card-issuing-training] [    Test worker] o.h.c.internal.RegionFactoryInitiator    : HHH000026: Second-level cache disabled
2026-07-18T15:31:08.558+09:00  INFO 13824 --- [card-issuing-training] [    Test worker] o.s.o.j.p.SpringPersistenceUnitInfo      : No LoadTimeWeaver setup: ignoring JPA class transformer
2026-07-18T15:31:08.874+09:00  INFO 13824 --- [card-issuing-training] [    Test worker] o.h.e.t.j.p.i.JtaPlatformInitiator       : HHH000489: No JTA platform available (set 'hibernate.transaction.jta.platform' to enable JTA platform integration)
2026-07-18T15:31:08.892+09:00  INFO 13824 --- [card-issuing-training] [    Test worker] j.LocalContainerEntityManagerFactoryBean : Initialized JPA EntityManagerFactory for persistence unit 'default'
2026-07-18T15:31:09.175+09:00  INFO 13824 --- [card-issuing-training] [    Test worker] o.s.b.t.m.w.SpringBootMockServletContext : Initializing Spring TestDispatcherServlet ''
2026-07-18T15:31:09.175+09:00  INFO 13824 --- [card-issuing-training] [    Test worker] o.s.t.web.servlet.TestDispatcherServlet  : Initializing Servlet ''
2026-07-18T15:31:09.175+09:00  INFO 13824 --- [card-issuing-training] [    Test worker] o.s.t.web.servlet.TestDispatcherServlet  : Completed initialization in 0 ms
2026-07-18T15:31:09.186+09:00  INFO 13824 --- [card-issuing-training] [    Test worker] c.t.issuing.member.MemberControllerTest  : Started MemberControllerTest in 1.442 seconds (process running for 2.977)
山田太郎さん、ようこそ。
10000円の購入で100ポイント付与されます。
]]></system-out>
  <system-err><![CDATA[WARNING: A Java agent has been loaded dynamically (/Users/toshihiro/.gradle/caches/modules-2/files-2.1/net.bytebuddy/byte-buddy-agent/1.14.19/154da3a65b4f4a909d3e5bdec55d1b2b4cbb6ce1/byte-buddy-agent-1.14.19.jar)
WARNING: If a serviceability tool is in use, please run with -XX:+EnableDynamicAgentLoading to hide this warning
WARNING: If a serviceability tool is not in use, please run with -Djdk.instrument.traceUsage for more information
WARNING: Dynamic loading of agents will be disallowed by default in a future release
]]></system-err>
</testsuite>
